MPASM  5.51              PIC20X_PIC12F50X.ASM   9-3-2025  12:02:51         PAGE  1


LOC  OBJECT CODE     LINE SOURCE TEXT
  VALUE

                      00001 ;==========================================================================
                      00002 ; TITLE       PIC20X+PIC12F50X+RDA5807M+NEC_IR.asm                        =
                      00003 ; SUBTITLE    PIC10F200,10F202,10F204,10F206,PIC12F508,12F509 & 12F510    =
                      00004 ; CONTENTS:  I²C RDA5807M + IR REMOTE Control                             =
                      00005 ; EDITOR:    @mit41301                                                    =
                      00006 ; UPDATED:   15/08/2025                                                   =
                      00007 ;==========================================================================
                      00008  
                      00009  ifdef __10F200
                      00010  include "p10F200.inc"
                      00011  list    p=10F200
                      00012 RAM     SET  H'0010'
                      00013 MAXRAM  EQU  H'001F'
                      00014  __CONFIG _IntRC_OSC & _WDT_OFF & _CP_OFF & _MCLRE_OFF
                      00015  __idlocs H'F200'
                      00016 SDA        EQU    GP2    ;SDA pin of the I2C
                      00017 SCL        EQU    GP1    ;SCL pin of the I2C
                      00018 IRx        EQU    GP3    ;INPUT ONLY PIN(IR Rx 38kHz)
                      00019  endif
                      00020 ;==========================================================================
                      00021  ifdef __10F202
                      00022  include "p10F202.inc"
                      00023  list    p=10F202
                      00024 RAM     EQU  h'0008'
                      00025 MAXRAM  EQU  H'001F'
                      00026  __CONFIG _IntRC_OSC & _WDT_OFF & _CP_OFF & _MCLRE_OFF
                      00027  __idlocs H'F202'
                      00028 SDA        EQU    GP2    ;SDA pin of the I2C
                      00029 SCL        EQU    GP1    ;SCL pin of the I2C
                      00030 IRx        EQU    GP3    ;INPUT ONLY PIN(IR Rx 38kHz)
                      00031  endif
                      00032 ;==========================================================================
                      00033  ifdef __10F204
                      00034  include "p10F204.inc"
                      00001         LIST
                      00002 
                      00003 ;==========================================================================
                      00004 ;  MPASM PIC10F204 processor include
                      00005 ; 
                      00006 ;  (c) Copyright 1999-2013 Microchip Technology, All rights reserved
                      00007 ;==========================================================================
                      00008 
                      00163         LIST
                      00035  list    p=10F204
  00000010            00036 RAM     EQU  H'0010'
  0000001F            00037 MAXRAM  EQU  H'001F'
0FFF   0FEB           00038  __CONFIG _IntRC_OSC & _WDT_OFF & _CP_OFF & _MCLRE_OFF
0100   000F 0002 0000 00039  __idlocs H'F204'
       0004 
  00000002            00040 SDA        EQU    GP2    ;SDA pin of the I2C
  00000001            00041 SCL        EQU    GP1    ;SCL pin of the I2C
  00000003            00042 IRx        EQU    GP3    ;INPUT ONLY PIN(IR Rx 38kHz)
                      00043  endif
MPASM  5.51              PIC20X_PIC12F50X.ASM   9-3-2025  12:02:51         PAGE  2


LOC  OBJECT CODE     LINE SOURCE TEXT
  VALUE

                      00044 ;==========================================================================
                      00045  ifdef __10F206
                      00046  include "p10F206.inc"
                      00047  list    p=10F206
                      00048 RAM     EQU  h'0008'
                      00049 MAXRAM  EQU  H'001F'
                      00050  __CONFIG _IntRC_OSC & _WDT_OFF & _CP_OFF & _MCLRE_OFF
                      00051  __idlocs H'F206'
                      00052 SDA        EQU    GP2    ;SDA pin of the I2C
                      00053 SCL        EQU    GP1    ;SCL pin of the I2C
                      00054 IRx        EQU    GP3    ;INPUT ONLY PIN(IR Rx 38kHz)
                      00055  endif
                      00056 ;==========================================================================
                      00057  ifdef __10F220
                      00058  include "p10F220.inc"
                      00059  list    p=10F220
                      00060 RAM     EQU  H'0010'
                      00061 MAXRAM  EQU  H'001F'
                      00062  __CONFIG _IOSCFS_4MHZ & _WDT_OFF & _CP_OFF & _MCLRE_OFF
                      00063  __idlocs H'F220'
                      00064 SDA        EQU    GP2    ;SDA pin of the I2C
                      00065 SCL        EQU    GP1    ;SCL pin of the I2C
                      00066 IRx        EQU    GP3    ;INPUT ONLY PIN(IR Rx 38kHz)
                      00067  endif
                      00068 ;==========================================================================
                      00069  ifdef __10F222
                      00070  include "p10F222.inc"
                      00071  list    p=10F222
                      00072 RAM     EQU  h'0009'
                      00073 MAXRAM  EQU  H'001F'
                      00074  __CONFIG _IOSCFS_4MHZ & _WDT_OFF & _CP_OFF & _MCLRE_OFF
                      00075  __idlocs H'F222'
                      00076 SDA        EQU    GP2    ;SDA pin of the I2C
                      00077 SCL        EQU    GP1    ;SCL pin of the I2C
                      00078 IRx        EQU    GP3    ;INPUT ONLY PIN(IR Rx 38kHz)
                      00079  endif
                      00080 ;========================================================================== 
                      00081  ifdef __12F508
                      00082  include "p12F508.inc"
                      00083  list    p=12F508
                      00084 RAM     EQU  h'0007'
                      00085 MAXRAM  EQU  H'001F'
                      00086  __CONFIG _IntRC_OSC & _WDT_OFF & _CP_OFF & _MCLRE_OFF
                      00087  __idlocs H'F508'
                      00088 IRx        EQU    GP3    ;INPUT ONLY PIN(IR Rx 38kHz)
                      00089 SCL        EQU    GP4    ;SCL pin of the I²C Bus
                      00090 SDA        EQU    GP5    ;SDA pin of the I²C Bus
                      00091  endif
                      00092 ;==========================================================================
                      00093  ifdef   __12F509
                      00094  include "p12F509.inc"
                      00095  list    p=12F509
                      00096 RAM     EQU  H'0007'
MPASM  5.51              PIC20X_PIC12F50X.ASM   9-3-2025  12:02:51         PAGE  3


LOC  OBJECT CODE     LINE SOURCE TEXT
  VALUE

                      00097 MAXRAM  EQU  H'003F'
                      00098  __CONFIG _IntRC_OSC & _WDT_OFF & _CP_OFF & _MCLRE_OFF
                      00099  __idlocs H'F509'
                      00100 IRx        EQU    GP3    ;INPUT ONLY PIN(IR Rx 38kHz)
                      00101 SCL        EQU    GP4    ;SCL pin of the I²C Bus
                      00102 SDA        EQU    GP5    ;SDA pin of the I²C Bus
                      00103  endif
                      00104 ;==========================================================================
                      00105  ifdef   __12F510
                      00106  include "p12F510.inc"
                      00107  list    p=12F510
                      00108 RAM     EQU  H'000A'
                      00109 MAXRAM  EQU  H'003F'
                      00110  __CONFIG _IntRC_OSC & _WDT_OFF & _CP_OFF & _MCLRE_OFF & _IOSCFS_OFF
                      00111  __idlocs H'F510'
                      00112 IRx        EQU    GP3    ;INPUT ONLY PIN(IR Rx 38kHz)
                      00113 SCL        EQU    GP4    ;SCL pin of the I²C Bus
                      00114 SDA        EQU    GP5    ;SDA pin of the I²C Bus
                      00115  endif
                      00116 
                      00117  errorlevel +202,+205,+207,+302,+305,+306,+224
                      00118 ;********************************************************************
                      00119                 CBLOCK RAM      
                      00120 ;********************************************************************
  00000010            00121 i           ;EQU    010h    ;Delay variable
  00000011            00122 j           ;EQU    011h    ;Delay variable
  00000012            00123 bit_count   ;EQU    012h    ;Counter of processed bits in I2C
  00000013            00124 i2c_data    ;EQU    013h    ;Data to receive/transmit via I2C
  00000014            00125 port        ;EQU    014h    ;Helper register to implement I2C
  00000015            00126 ack         ;EQU    015h    ;Acknowledgment received from the device
  00000016            00127 volume      ;EQU    016h    ;Radio volume level
  00000017            00128 frequency_l ;EQU    017h    ;Frequency low byte
  00000018            00129 frequency_h ;EQU    018h    ;Frequency high byte
                      00130 
  00000019            00131 _count      ;EQU    019h    ;Saved value of the timer
  0000001A            00132 _byte_count ;EQU    01Ah    ;Counter of processed bytes
  0000001B            00133 _bit_count  ;EQU    01Bh    ;Counter of processed bits
  0000001C            00134 _ir_data:4  ;EQU    01Ch    ;First IR byte
                      00135 ;********************************************************************
  00000020            00136 RAM_            
                      00137                 ENDC
                      00138  if (RAM_-1) > MAXRAM
                      00139     error "File register usage OVERFLOW"
                      00140  endif
                      00141 ;###############################################################################
                      00142 ; DEFAULT STARTING FREQUENCY and VOLUME - Enter your own Frequency
                      00143 ;###############################################################################
  00000083            00144 volume_init EQU 0x03 | 1<<7 ;0x80; Initial Volume = 3 // [0..15]
  00000397            00145 freq  EQU d'919'        ;   91.9 MHz
                      00146 ;freq  EQU d'943'       ;   94.3 MHz
                      00147 ;freq  EQU d'1040'      ;  104.0 MHz
  00000031            00148 freqB EQU (freq - 366) ; BAND = 0 : 87~108 MHz (US/Europe)
  0000000C            00149 freqH EQU (freqB >> 2)    ; Frequency = Channel Spacing(kHz) x CHAN + 87.0 MHz
MPASM  5.51              PIC20X_PIC12F50X.ASM   9-3-2025  12:02:51         PAGE  4


LOC  OBJECT CODE     LINE SOURCE TEXT
  VALUE

  00000040            00150 freqL EQU ((freqB&3) << 6); ; Shift channel selection for matching register 0x03
                      00151 
0000                  00152         ORG    H'0000'
0000   0EFE           00153     andlw   ~1 
0001   0025           00154     movwf   OSCCAL
                      00155  ifdef __10F204
0002   0C00           00156     movlw  B'00000000'   ;Use as Digital I/O 
0003   0027           00157     movwf  CMCON0                ;Disable Digital Comparator function
                      00158  endif
                      00159 
                      00160  ifdef __10F206
                      00161     movlw  B'00000000'   ;Use as Digital I/O 
                      00162     movwf  CMCON0                ;Disable Digital Comparator function
                      00163  endif
                      00164  ifdef __10F220
                      00165     movlw  B'00000000'   ;Use as Digital I/O 
                      00166     movwf  ADCON0                ;Disable Digital Comparator function
                      00167  endif
                      00168  ifdef __10F222
                      00169     movlw  B'00000000'   ;Use as Digital I/O 
                      00170     movwf  ADCON0                ;Disable Digital Comparator function
                      00171  endif
                      00172  ifdef __12F510
                      00173     movlw  B'00000000'   ;Use as Digital I/O 
                      00174     movwf  CM1CON0               ;Disable Digital Comparator function
                      00175     movlw  B'00000000'   ;Use as Digital I/O 
                      00176     movwf  ADCON0                ;Disable ADC function
                      00177  endif
0004                  00178 INIT:
0004   0C97           00179     MOVLW  ~((1<<T0CS)|(1<<NOT_GPPU)|(1<<PSA))
0005   0002           00180     OPTION                ;Enable GPIO2 and pull-ups
0006   0C3F           00181     MOVLW  0x3F           ;Save 0x3F into 'port' register [0x0F] for 10F20X dev
0007   0034           00182     MOVWF  port           ;It's used to switch SDA/SCL pins direction
0008   0006           00183     TRIS   GPIO           ;Set all pins as inputs
                      00184 ;###############################################################################
0009   0CFF           00185     MOVLW  0xFF           ;Perform 200 ms delay
000A   098F           00186     CALL   DELAY          ;to let the power stabilize
000B   0CFF           00187     MOVLW  0xFF           ;Perform 400 ms delay
000C   098F           00188     CALL   DELAY          ;to let the power stabilize
000D   0CFF           00189     MOVLW  0xFF           ;Perform 600 ms delay
000E   098F           00190     CALL   DELAY          ;to let the power stabilize
000F   0CFF           00191     MOVLW  0xFF           ;Perform 800 ms delay
0010   098F           00192     CALL   DELAY          ;to let the power stabilize
                      00193 ;###############################################################################
0011   0066           00194     CLRF   GPIO           ;Clear GPIO to set all pins to 0
0012   0C83           00195     movlw volume_init     ;0x83 ////////////
0013   0C16           00196     movlw volume
0014   0C40           00197     movlw freqL           ;91.90 MHz
0015   0037           00198     movwf frequency_l
0016   0C0C           00199     movlw freqH           ;91.90 MHz
0017   0038           00200     movwf frequency_h
0018   0CC0           00201     MOVLW  0xC0           ;Implement AND operation between 0xC0
0019   0177           00202     ANDWF  frequency_l, F ;and 'frequency_l' to clear its last 6 bits
MPASM  5.51              PIC20X_PIC12F50X.ASM   9-3-2025  12:02:51         PAGE  5


LOC  OBJECT CODE     LINE SOURCE TEXT
  VALUE

001A   0597           00203     BSF    frequency_l, 4 ;Set bit 4 (Tune) to adjust the frequency
                      00204 ;START_RADIO:              ;Start FM radio
001B   095F           00205     CALL   I2C_START      ;Issue I2C Start condition
001C   0C20           00206     MOVLW  0x20           ;Radio chip address for sequential writing is 0x20
001D   0966           00207     CALL   I2C_WRITE_BYTE ;Write the radio address via i2C
001E   0CC0           00208     MOVLW  0xC0           ;Write high byte into radio register 0x02
                      00209 ;   MOVLW  0xD0           ;TEST added to enable BASS 
001F   0966           00210     CALL   I2C_WRITE_BYTE
0020   0C01           00211     MOVLW  0x01           ;Write  low byte into radio register 0x02
0021   0966           00212     CALL   I2C_WRITE_BYTE
0022   0218           00213     MOVF   frequency_h, W ;Write high byte into radio register 0x03
0023   0966           00214     CALL   I2C_WRITE_BYTE
0024   0217           00215     MOVF   frequency_l, W ;Write  low byte into radio register 0x03
0025   0966           00216     CALL   I2C_WRITE_BYTE
0026   0962           00217     CALL   I2C_STOP       ;Issue I2C Stop condition
0027   0C0F           00218     MOVLW  0x0F           ;Implement AND operation between 0xC0
0028   0176           00219     ANDWF  volume, F      ;and 'volume' to clear its higher 4 bits
0029   05F6           00220     BSF    volume, 7      ;Set bit 7  to select correct LNA input
002A   0A32           00221     GOTO   SET_VOLUME     ;And go to the 'SET_VOLUME' label
002B                  00222 LOOP:                     
                      00223 ;BUTTONS_LOOP:             ;Loop while button is pressed
002B                  00224 INCREASE_VOLUME:          ;Otherwise start 'INCREASE_VOLUME'
002B   02B6           00225     INCF   volume, F      ;Increment the 'volume' register
002C   0696           00226     BTFSC  volume, 4      ;If bit 4 becomes set (volume = 0b10010000)
002D   00F6           00227     DECF   volume, F      ;then decrement the 'volume' to get 0b10001111
002E   0A32           00228     GOTO   SET_VOLUME     ;and go to the 'SET_VOLUME' label
002F                  00229 DECREASE_VOLUME:          ;Decrease the volume here
002F   00F6           00230     DECF   volume, F      ;Decrement the 'volume' register
0030   07F6           00231     BTFSS  volume, 7      ;If bit 7 becomes 0 (volume = 0b01111111)
0031   02B6           00232     INCF   volume, F      ;then increment the 'volume' to get 0b10000000
0032                  00233 SET_VOLUME:               ;Set the radio volume
0032   095F           00234     CALL   I2C_START      ;Issue I2C start condition
0033   0C22           00235     MOVLW  0x22           ;Radio chip address for random writing is 0x22
0034   0966           00236     CALL   I2C_WRITE_BYTE ;Write the radio address via I2C
0035   0C05           00237     MOVLW  0x05           ;Set the register number to write to (0x05)
0036   0966           00238     CALL   I2C_WRITE_BYTE ;And write it via I2C
0037   0C88           00239     MOVLW  0x88           ;Set the high byte of 0x05 register (default value)
0038   0966           00240     CALL   I2C_WRITE_BYTE ;And write it via i2C
0039   0216           00241     MOVF   volume, W      ;Set the 'volume' as low byte of 0x05 register
003A   0966           00242     CALL   I2C_WRITE_BYTE ;And write it via I2C
003B   0962           00243     CALL   I2C_STOP       ;Issue Stop condition
003C   0A96           00244     GOTO   _LOOP           ;And return to the 'LOOP' label
                      00245 ;CHANNEL_SEEK:             ;Here button is released and we check what to do
003D                  00246 CH_UP:
003D   095F           00247     CALL   I2C_START      ;Issue I2C Start condition
003E   0C20           00248     MOVLW  0x20           ;Radio chip address for sequential writing is 0x20
003F   0966           00249     CALL   I2C_WRITE_BYTE ;Write the radio address via I2C
0040   0CC3           00250     MOVLW  0xC3           ;Otherwise set 0xC3 as high byte of 0x02 register
0041   0966           00251     CALL   I2C_WRITE_BYTE ;And write it via I2C
0042   0C01           00252     MOVLW  0x01           ;Set 0x01 as low byte of 0x02 register
0043   0966           00253     CALL   I2C_WRITE_BYTE ;And write it via I2C
0044   0962           00254     CALL   I2C_STOP       ;Issue I2C Stop condition
0045   0A96           00255     GOTO   _LOOP           ;And return to the 'LOOP' labe;
MPASM  5.51              PIC20X_PIC12F50X.ASM   9-3-2025  12:02:51         PAGE  6


LOC  OBJECT CODE     LINE SOURCE TEXT
  VALUE

0046                  00256 SEEK_DOWN:                ;Seek the station down
0046   095F           00257     CALL   I2C_START      ;ADDEDIssue I2C Start condition
0047   0C20           00258     MOVLW  0x20           ;ADDEDRadio chip address for sequential writing is 0x20
0048   0966           00259     CALL   I2C_WRITE_BYTE ;ADDEDWrite the radio address via I2C
0049   0CC1           00260     MOVLW  0xC1           ;Set 0xC1 as high byte of 0x02 register
004A   0966           00261     CALL   I2C_WRITE_BYTE ;Ending of previous transaction
004B   0C01           00262     MOVLW  0x01           ;Set 0x01 as low byte of 0x02 register
004C   0966           00263     CALL   I2C_WRITE_BYTE ;And write it via I2C
004D   0962           00264     CALL   I2C_STOP       ;Issue I2C Stop condition
004E   0A96           00265     GOTO   _LOOP           ;And return to the 'LOOP' labe;
                      00266 ;-------------Helper subroutines---------------
004F                  00267 SDA_HIGH:                 ;Set SDA pin high
004F   0554           00268     BSF    port, SDA      ;Set 'sda' bit in the 'port' to make it input
0050   0214           00269     MOVF   port, W        ;Copy 'port' into W register
0051   0006           00270     TRIS   GPIO           ;And set it as TRISGPIO value
0052   0800           00271     RETLW  0
0053                  00272 SDA_LOW:                  ;Set SDA pin low
0053   0454           00273     BCF    port, SDA      ;Reset 'sda' bit in the 'port' to make it output
0054   0214           00274     MOVF   port, W        ;Copy 'port' into W register
0055   0006           00275     TRIS   GPIO           ;And set it as TRISGPIO value
0056   0800           00276     RETLW  0
0057                  00277 SCL_HIGH:                 ;Set SCL pin high
0057   0534           00278     BSF    port, SCL      ;Set 'scl' bit in the 'port' to make it input
0058   0214           00279     MOVF   port, W        ;Copy 'port' into W register
0059   0006           00280     TRIS   GPIO           ;And set it as TRISGPIO value
005A   0800           00281     RETLW  0
005B                  00282 SCL_LOW:                  ;Set SCL pin low
005B   0434           00283     BCF    port, SCL      ;Reset 'scl' bit in the 'port' to make it output
005C   0214           00284     MOVF   port, W        ;Copy 'port' into W register
005D   0006           00285     TRIS   GPIO           ;And set it as TRISGPIO value
005E   0800           00286     RETLW  0
                      00287 ;-------------I2C start condition--------------
005F                  00288 I2C_START:
005F   0957           00289     CALL   SCL_HIGH       ;Set SCL high
0060   0953           00290     CALL   SDA_LOW        ;Then set SDA low
0061   0800           00291     RETLW  0
                      00292 ;-------------I2C stop condition---------------
0062                  00293 I2C_STOP:
0062   0953           00294     CALL   SDA_LOW        ;Set SDA low
0063   0957           00295     CALL   SCL_HIGH       ;Set SCL high
0064   094F           00296     CALL   SDA_HIGH       ;Then set SDA highs and release the bus
0065   0800           00297     RETLW  0
                      00298 ;------------I2C write byte--------------------
0066                  00299 I2C_WRITE_BYTE:
0066   0033           00300     MOVWF  i2c_data       ;Load 'i2c_data' from W register
0067   0C08           00301     MOVLW  8              ;Load value 8 into 'bit_count'
0068   0032           00302     MOVWF  bit_count      ;to indicate we're going to send 8 bits
0069                  00303 I2C_WRITE_BIT:            ;Write single bit to I2C
0069   095B           00304     CALL   SCL_LOW        ;Set SCL low, now we can change SDA
006A   07F3           00305     BTFSS  i2c_data, 7    ;Check the MSB of 'i2c_data'
006B   0A6E           00306     GOTO   I2C_WRITE_0    ;If it's 0 then go to the 'I2C_WRITE_0' label
006C                  00307 I2C_WRITE_1:              ;Else continue with 'I2C_WRITE_1'
006C   094F           00308     CALL   SDA_HIGH       ;Set SDA high
MPASM  5.51              PIC20X_PIC12F50X.ASM   9-3-2025  12:02:51         PAGE  7


LOC  OBJECT CODE     LINE SOURCE TEXT
  VALUE

006D   0A6F           00309     GOTO   I2C_SHIFT      ;And go to the 'I2C_SHIFT' label
006E                  00310 I2C_WRITE_0:
006E   0953           00311     CALL   SDA_LOW        ;Set SDA low
006F                  00312 I2C_SHIFT:
006F   0957           00313     CALL   SCL_HIGH       ;Set SCL high to start the new pulse
0070   0373           00314     RLF    i2c_data, F     ;Shift 'i2c_data' one bit to the left
0071   02F2           00315     DECFSZ bit_count, F   ;Decrement the 'bit_count' value, check if it's 0
0072   0A69           00316     GOTO   I2C_WRITE_BIT  ;If not then return to the 'I2C_WRITE_BIT'
0073                  00317 I2C_CHECK_ACK:            ;Else check the acknowledgement bit
0073   095B           00318     CALL   SCL_LOW        ;Set I2C low to end the last pulse
0074   094F           00319     CALL   SDA_HIGH       ;Set SDA high to release the bus
0075   0957           00320     CALL   SCL_HIGH       ;Set I2C high to start the new pulse
0076   0206           00321     MOVF   GPIO, W        ;Copy the GPIO register value into the 'ack'
0077   0035           00322     MOVWF  ack            ;Now bit 'sda' of the 'ack' will contain ACK bit
0078   095B           00323     CALL   SCL_LOW        ;Set SCL low to end the acknowledgement bit
0079   0800           00324     RETLW  0
                      00325 ;------------I2C read byte----------------------
007A                  00326 I2C_READ_BYTE:
007A   0C08           00327     MOVLW  8              ;Load value 8 into 'bit_count'
007B   0032           00328     MOVWF  bit_count      ;to indicate we're going to receive 8 bits
007C   0073           00329     CLRF   i2c_data       ;Clear the 'i2c_data' register
007D                  00330 I2C_READ_BIT:             ;Read single bit from the I2C
007D   0373           00331     RLF    i2c_data, F    ;Shift the 'i2c_data' register one bit to the left
007E   095B           00332     CALL   SCL_LOW        ;Set SCL low to prepare for the new bit
007F   0957           00333     CALL   SCL_HIGH       ;Set SCL high to read the bit value
0080   0646           00334     BTFSC  GPIO, SDA      ;Check the 'sda' bit in the GPIO register
0081   0513           00335     BSF    i2c_data, 0    ;if it's 1 then set the LSB of the 'i2c_data'
0082   02F2           00336     DECFSZ bit_count, F   ;Decrement the 'bit_count' value, check if it's 0
0083   0A7D           00337     GOTO   I2C_READ_BIT   ;If not, then return to the 'I2C_READ_BIT'
0084   095B           00338     CALL   SCL_LOW        ;Set SCL low to end the last pulse
0085   0800           00339     RETLW  0              ;Otherwise return from the subroutine
                      00340 ;------------I2C send ACK-----------------------
0086                  00341 I2C_ACK:
0086   0953           00342     CALL   SDA_LOW        ;Set SDA low to issue ACK condition
0087   0957           00343     CALL   SCL_HIGH       ;Set SCL high to start the new pulse
0088   095B           00344     CALL   SCL_LOW        ;Set SCL low to end the pulse
0089   094F           00345     CALL   SDA_HIGH       ;Set SDA high to release the bus
008A   0800           00346     RETLW  0
                      00347 ;------------I2C send NACK----------------------
008B                  00348 I2C_NACK:
008B   094F           00349     CALL   SDA_HIGH       ;Set SDA low to issue NACK condition
008C   0957           00350     CALL   SCL_HIGH       ;Set SCL high to start the new pulse
008D   095B           00351     CALL   SCL_LOW        ;Set SCL low to end the pulse
008E   0800           00352     RETLW  0
                      00353 ;-------------Delay subroutine------------------
008F                  00354 DELAY:                    ;Start DELAY subroutine here  
008F   0030           00355     MOVWF  i              ;Copy the value to the register i
0090   0031           00356     MOVWF  j              ;Copy the value to the register j
0091                  00357 DELAY_LOOP:               ;Start delay loop
0091   02F0           00358     DECFSZ i, F           ;Decrement i and check if it is not zero
0092   0A91           00359     GOTO   DELAY_LOOP     ;If not, then go to the DELAY_LOOP label
0093   02F1           00360     DECFSZ j, F           ;Decrement j and check if it is not zero
0094   0A91           00361     GOTO   DELAY_LOOP     ;If not, then go to the DELAY_LOOP label
MPASM  5.51              PIC20X_PIC12F50X.ASM   9-3-2025  12:02:51         PAGE  8


LOC  OBJECT CODE     LINE SOURCE TEXT
  VALUE

0095   0800           00362     RETLW  0              ;Else return from the subroutine
                      00363 ;##############################################################################
                      00364 ;---IR REMOTE CONTROL 38kHz ROUTINE----------------/[NEC]\---------------------
                      00365 ;##############################################################################
0096                  00366 _LOOP:                    ;Main loop of the program
                      00367 ;---------------Wait for the preamble positive pulse---------------------
0096   0666           00368     BTFSC GPIO, IRx       ;Wait while 'ir' pin goes down
0097   0A96           00369     GOTO _LOOP           ;If it's high then return to 'LOOP'
0098   0061           00370     CLRF  TMR0           ;Otherwise clear the timer register
0099   0766           00371     BTFSS GPIO, IRx       ;And wait while 'ir' is low
009A   0A99           00372     GOTO  $-1
009B   0201           00373     MOVF  TMR0, W        ;Copy the TMR0 value into the W register
009C   0039           00374     MOVWF _count         ;and save the value into the 'count' register
009D   0C1E           00375     MOVLW d'30'          ;Load 30 into W (256 us x 32 = 7.7 ms)
009E   0099           00376     SUBWF _count, W      ;And subtract W from 'count'
009F   0703           00377     BTFSS STATUS, C      ;If 'count' < 30 (pulse is shorter than 7.7 ms)
00A0   0A96           00378     GOTO  _LOOP          ;then return to 'LOOP'
00A1   0C2D           00379     MOVLW d'45'          ;Load 45 into W (256 us x 45 = 11.5 ms)
00A2   0099           00380     SUBWF _count, W      ;And subtract W from 'count'
00A3   0603           00381     BTFSC STATUS, C      ;If 'count' > 45 (pulse is longer than 8 ms)
00A4   0A96           00382     GOTO _LOOP           ;then return to 'LOOP'
                      00383 ;---------------Check the preamble negative pulse---------------------
00A5   0061           00384     CLRF TMR0            ;Otherwise clear the timer register
00A6   0666           00385     BTFSC GPIO, IRx       ;And wait while 'ir' is high
00A7   0AA6           00386     GOTO $-1
00A8   0201           00387     MOVF TMR0, W         ;Copy the TMR0 value into the W register
00A9   0039           00388     MOVWF _count         ;and save the value into the 'count' register
00AA   0C0D           00389     MOVLW d'13'          ;Load 15 into W (256 us x 13 = 3.3 ms)
00AB   0099           00390     SUBWF _count, W      ;And subtract W from 'count'
00AC   0703           00391     BTFSS STATUS, C      ;If 'count' < 13 (pulse is shorter than 3.3 ms)
00AD   0A96           00392     GOTO _LOOP           ;then return to 'LOOP'
00AE   0C14           00393     MOVLW d'20'          ;Load 20 into W (256 us x 20 = 5.1 ms)
00AF   0099           00394     SUBWF _count, W      ;And subtract W from 'count'
00B0   0603           00395     BTFSC STATUS, C      ;If 'count' > 20 (pulse is longer than 5.1 ms)
00B1   0A96           00396     GOTO _LOOP           ;then return to 'LOOP'
                      00397 ;---------------Receive the command bytes-----------------------------
00B2   007A           00398     CLRF _byte_count     ;Clear the 'byte_count' register    
00B3   0C1C           00399     MOVLW _ir_data       ;Load the address of the 'ir_data' into W
00B4   0024           00400     MOVWF FSR            ;and save it to the indirect pointer register
00B5                  00401 _RECEIVE_BYTE:
00B5   007B           00402     CLRF _bit_count      ;Clear the 'bit_count' register
00B6   0060           00403     CLRF INDF            ;Clear the indirectly addressed register
00B7                  00404 _RECEIVE_BIT:
00B7   0320           00405     RRF INDF, F          ;Shift the INDF register to the right
                      00406 ;---------------Receive the positive pulse of the bit-----------------
00B8   0061           00407     CLRF TMR0            ;Otherwise clear the timer register
00B9   0766           00408     BTFSS GPIO, IRx      ;And wait while 'ir' is low
00BA   0AB9           00409     GOTO $-1
00BB   0201           00410     MOVF TMR0, W         ;Copy the TMR0 value into the W register
00BC   0039           00411     MOVWF _count         ;and save the value into the 'count' register
00BD   0C01           00412     MOVLW 1              ;Load 1 into W (256 us x 1 = 0.26 ms)
00BE   0099           00413     SUBWF _count, W      ;And subtract W from 'count'
00BF   0703           00414     BTFSS STATUS, C      ;If 'count' < 1 (pulse is shorter than 0.26 ms)
MPASM  5.51              PIC20X_PIC12F50X.ASM   9-3-2025  12:02:51         PAGE  9


LOC  OBJECT CODE     LINE SOURCE TEXT
  VALUE

00C0   0A96           00415     GOTO _LOOP           ;then return to 'LOOP'
00C1   0C03           00416     MOVLW 3              ;Load 3 into W (256 us x 3 = 0.77 ms)
00C2   0099           00417     SUBWF _count, W      ;And subtract W from 'count'
00C3   0603           00418     BTFSC STATUS, C      ;If 'count' > 3 (pulse is longer than 0.77 ms)
00C4   0A96           00419     GOTO _LOOP           ;then return to 'LOOP'
                      00420 ;---------------Receive the negative pulse of the bit-----------------
00C5   0061           00421     CLRF TMR0            ;Otherwise clear the timer register
00C6   0666           00422     BTFSC GPIO, IRx      ;And wait while 'ir' is high
00C7   0AC6           00423     GOTO $-1
00C8   0201           00424     MOVF TMR0, W         ;Copy the TMR0 value into the W register
00C9   0039           00425     MOVWF _count         ;and save the value into the 'count' register
00CA   0C04           00426     MOVLW 4              ;Load 5 into W (256 us x 4 = 1.1 ms)
00CB   0099           00427     SUBWF _count, W      ;And subtract W from 'count'
00CC   0703           00428     BTFSS STATUS, C      ;If 'count' < 4 (pulse is shorter than 1.1 ms)
00CD   0AD3           00429     GOTO _NEXT_BIT       ;then go to the 'NEXT_BIT' label
00CE   0C08           00430     MOVLW 8              ;Load 8 into W (256 us x 8 = 2 ms)
00CF   0099           00431     SUBWF _count, W      ;And subtract W from 'count'
00D0   0603           00432     BTFSC STATUS, C      ;If 'count' > 8 (pulse is longer than 2 ms)
00D1   0A96           00433     GOTO _LOOP           ;then go to the 'LOOP' label
00D2   05E0           00434     BSF INDF, 7          ;Set the MSB of the INDF register
00D3                  00435 _NEXT_BIT:
00D3   02BB           00436     INCF _bit_count, F   ;Increment the 'bit_count' register
00D4   077B           00437     BTFSS _bit_count, 3  ;Check if 'bit_count' becomes 8
00D5   0AB7           00438     GOTO _RECEIVE_BIT    ;If it's not, then return to 'RECEIVE_BIT' label
00D6   02BA           00439     INCF _byte_count, F  ;Increment the 'byte_count' register
00D7   065A           00440     BTFSC _byte_count, 2 ;Check if 'byte_count' becomes 4    
00D8   0ADB           00441     GOTO _CHECK_DATA     ;If it is then go to 'CHECK_DATA' label
00D9   02A4           00442     INCF FSR, F          ;Increment the indirect addressing pointer
00DA   0AB5           00443     GOTO _RECEIVE_BYTE   ;and go to 'RECEIVE_BYTE' label
00DB                  00444 _CHECK_DATA:
00DB   025D           00445     COMF _ir_data+1, W   ;Negate the second received byte
00DC   019C           00446     XORWF _ir_data, W    ;And implement the XOR between 1st and 2nd bytes
00DD   0743           00447     BTFSS STATUS, Z      ;If the result is not 0 (bytes are not equal)
00DE   0A96           00448     GOTO _LOOP           ;Then return to the 'LOOP' label
00DF   025F           00449     COMF _ir_data+3, W   ;Negate the fourth received byte
00E0   019E           00450     XORWF _ir_data+2, W  ;And implement the XOR between 3rd and 4th bytes
00E1   0743           00451     BTFSS STATUS, Z      ;If the result is not 0 (bytes are not equal)
00E2   0A96           00452     GOTO _LOOP           ;Then return to the 'LOOP' label
00E3   0C05           00453     MOVLW 0x05           ;Check the VOL- button (code 0x05)
00E4   019E           00454     XORWF _ir_data+2, W  ;If command is not 0x05
00E5   0743           00455     BTFSS STATUS, Z
00E6   0AE8           00456     GOTO $+2             ;then skip the next line
00E7   0A2F           00457     goto DECREASE_VOLUME
00E8   0C06           00458     MOVLW 0x06           ;Check the VOL+ button (code 0x06)
00E9   019E           00459     XORWF _ir_data+2, W  ;If command is not 0x06
00EA   0743           00460     BTFSS STATUS, Z
00EB   0AED           00461     GOTO $+2             ;then skip the next line
00EC   0A2B           00462     goto INCREASE_VOLUME
00ED   0C02           00463     MOVLW 0x02           ;Check the << CH- button (code 0x02)
00EE   019E           00464     XORWF _ir_data+2, W  ;If command is not 0x02
00EF   0743           00465     BTFSS STATUS, Z
00F0   0AF2           00466     GOTO $+2             ;then skip the next line
00F1   0A46           00467     goto SEEK_DOWN 
MPASM  5.51              PIC20X_PIC12F50X.ASM   9-3-2025  12:02:51         PAGE 10


LOC  OBJECT CODE     LINE SOURCE TEXT
  VALUE

00F2   0C03           00468     MOVLW 0x03           ;Check the W button (code 0x03)
00F3   019E           00469     XORWF _ir_data+2, W  ;If command is not 0x03
00F4   0743           00470     BTFSS STATUS, Z
00F5   0AF7           00471     GOTO $+2    ;$+2     ;then skip the next three lines
00F6   0A3D           00472     goto CH_UP           ;goto Channel Up
00F7   0A96           00473     GOTO _LOOP           ;and go to the 'SET_OUTPUT' label
                      00474     END                  ;/* END of the Program */
MPASM  5.51              PIC20X_PIC12F50X.ASM   9-3-2025  12:02:51         PAGE 11


SYMBOL TABLE
  LABEL                             VALUE 

C                                 00000000
CAL0                              00000001
CAL1                              00000002
CAL2                              00000003
CAL3                              00000004
CAL4                              00000005
CAL5                              00000006
CAL6                              00000007
CH_UP                             0000003D
CMCON0                            00000007
CMPON                             00000003
CMPOUT                            00000007
CNREF                             00000002
CPREF                             00000001
CWUF                              00000006
DC                                00000001
DECREASE_VOLUME                   0000002F
DELAY                             0000008F
DELAY_LOOP                        00000091
F                                 00000001
FOSC4                             00000000
FSR                               00000004
GP0                               00000000
GP1                               00000001
GP2                               00000002
GP3                               00000003
GPIO                              00000006
GPWUF                             00000007
I2C_ACK                           00000086
I2C_CHECK_ACK                     00000073
I2C_NACK                          0000008B
I2C_READ_BIT                      0000007D
I2C_READ_BYTE                     0000007A
I2C_SHIFT                         0000006F
I2C_START                         0000005F
I2C_STOP                          00000062
I2C_WRITE_0                       0000006E
I2C_WRITE_1                       0000006C
I2C_WRITE_BIT                     00000069
I2C_WRITE_BYTE                    00000066
INCREASE_VOLUME                   0000002B
INDF                              00000000
INIT                              00000004
IRx                               00000003
LOOP                              0000002B
MAXRAM                            0000001F
NOT_CMPT0CS                       00000004
NOT_COUTEN                        00000006
NOT_CWU                           00000000
NOT_GPPU                          00000006
NOT_GPWU                          00000007
NOT_PD                            00000003
NOT_TO                            00000004
MPASM  5.51              PIC20X_PIC12F50X.ASM   9-3-2025  12:02:51         PAGE 12


SYMBOL TABLE
  LABEL                             VALUE 

OSCCAL                            00000005
PCL                               00000002
POL                               00000005
PS0                               00000000
PS1                               00000001
PS2                               00000002
PSA                               00000003
RAM                               00000010
RAM_                              00000020
SCL                               00000001
SCL_HIGH                          00000057
SCL_LOW                           0000005B
SDA                               00000002
SDA_HIGH                          0000004F
SDA_LOW                           00000053
SEEK_DOWN                         00000046
SET_VOLUME                        00000032
STATUS                            00000003
T0CS                              00000005
T0SE                              00000004
TMR0                              00000001
TRISIO0                           00000000
TRISIO1                           00000001
TRISIO2                           00000002
TRISIO3                           00000003
W                                 00000000
Z                                 00000002
_CHECK_DATA                       000000DB
_CONFIG                           00000FFF
_CP_OFF                           00000FFF
_CP_ON                            00000FF7
_IDLOC0                           00000100
_IDLOC1                           00000101
_IDLOC2                           00000102
_IDLOC3                           00000103
_IntRC_OSC                        00000FFF
_LOOP                             00000096
_MCLRE_OFF                        00000FEF
_MCLRE_ON                         00000FFF
_NEXT_BIT                         000000D3
_OSC_IntRC                        00000FFF
_RECEIVE_BIT                      000000B7
_RECEIVE_BYTE                     000000B5
_WDTE_OFF                         00000FFB
_WDTE_ON                          00000FFF
_WDT_OFF                          00000FFB
_WDT_ON                           00000FFF
__10F204                          00000001
_bit_count                        0000001B
_byte_count                       0000001A
_count                            00000019
_ir_data                          0000001C
ack                               00000015
MPASM  5.51              PIC20X_PIC12F50X.ASM   9-3-2025  12:02:51         PAGE 13


SYMBOL TABLE
  LABEL                             VALUE 

bit_count                         00000012
freq                              00000397
freqB                             00000031
freqH                             0000000C
freqL                             00000040
frequency_h                       00000018
frequency_l                       00000017
i                                 00000010
i2c_data                          00000013
j                                 00000011
port                              00000014
volume                            00000016
volume_init                       00000083


MEMORY USAGE MAP ('X' = Used,  '-' = Unused)

0000 : XXXXXXXXXXXXXXXX XXXXXXXXXXXXXXXX XXXXXXXXXXXXXXXX XXXXXXXXXXXXXXXX
0040 : XXXXXXXXXXXXXXXX XXXXXXXXXXXXXXXX XXXXXXXXXXXXXXXX XXXXXXXXXXXXXXXX
0080 : XXXXXXXXXXXXXXXX XXXXXXXXXXXXXXXX XXXXXXXXXXXXXXXX XXXXXXXXXXXXXXXX
00C0 : XXXXXXXXXXXXXXXX XXXXXXXXXXXXXXXX XXXXXXXXXXXXXXXX XXXXXXXX--------
0100 : XXXX------------ ---------------- ---------------- ----------------
0FC0 : ---------------- ---------------- ---------------- ---------------X

All other memory blocks unused.

Program Memory Words Used:   248
Program Memory Words Free:     8


Errors   :     0
Warnings :     0 reported,     0 suppressed
Messages :     0 reported,     0 suppressed

